18:50:22.878 [TestNG-tests-1] INFO  - chrome - Driver installized 
18:50:46.388 [TestNG-tests-1] INFO  - lgoin page displayed
18:50:47.284 [TestNG-tests-1] INFO  - chrome - Driver installized 
18:50:56.677 [TestNG-tests-1] INFO  - lgoin page displayed
18:50:57.293 [TestNG-tests-1] INFO  - chrome - Driver installized 
18:51:08.970 [TestNG-tests-1] INFO  - lgoin page displayed
18:51:09.502 [TestNG-tests-1] INFO  - chrome - Driver installized 
18:51:20.062 [TestNG-tests-1] INFO  - lgoin page displayed
09:44:35.669 [TestNG-tests-1] INFO  - chrome - Driver installized 
09:45:16.380 [TestNG-tests-1] INFO  - Login page displayed
09:45:16.736 [TestNG-tests-1] INFO  - Driver Quit
09:45:16.740 [TestNG-tests-1] INFO  - chrome - Driver installized 
09:45:28.760 [TestNG-tests-1] INFO  - Login page displayed
09:45:29.321 [TestNG-tests-1] INFO  - Driver Quit
09:45:29.323 [TestNG-tests-1] INFO  - chrome - Driver installized 
09:45:45.745 [TestNG-tests-1] INFO  - Login page displayed
09:45:46.053 [TestNG-tests-1] INFO  - Driver Quit
09:45:46.055 [TestNG-tests-1] INFO  - chrome - Driver installized 
09:46:06.412 [TestNG-tests-1] INFO  - Login page displayed
09:46:32.385 [TestNG-tests-1] INFO  - Driver Quit
09:47:39.481 [TestNG-tests-1] INFO  - chrome - Driver installized 
09:47:58.467 [TestNG-tests-1] INFO  - Login page displayed
09:47:58.529 [TestNG-tests-1] INFO  - Login Title verified
09:47:58.809 [TestNG-tests-1] INFO  - Driver Quit
09:47:58.813 [TestNG-tests-1] INFO  - chrome - Driver installized 
09:48:14.284 [TestNG-tests-1] INFO  - Login page displayed
09:48:14.600 [TestNG-tests-1] INFO  - Driver Quit
09:48:14.602 [TestNG-tests-1] INFO  - chrome - Driver installized 
09:48:30.938 [TestNG-tests-1] INFO  - Login page displayed
09:48:31.246 [TestNG-tests-1] INFO  - Driver Quit
09:48:31.248 [TestNG-tests-1] INFO  - chrome - Driver installized 
09:48:49.045 [TestNG-tests-1] INFO  - Login page displayed
09:49:02.977 [TestNG-tests-1] INFO  - Driver Quit
09:50:26.388 [main] INFO  - chrome - Driver installized 
09:51:04.231 [main] INFO  - Login page displayed
09:51:04.281 [main] INFO  - Login Title verified
09:51:04.559 [main] INFO  - Driver Quit
09:51:04.563 [main] INFO  - chrome - Driver installized 
09:51:21.109 [main] INFO  - Login page displayed
09:51:21.540 [main] INFO  - Driver Quit
09:51:21.542 [main] INFO  - chrome - Driver installized 
09:51:40.432 [main] INFO  - Login page displayed
09:51:41.077 [main] INFO  - Driver Quit
09:51:41.079 [main] INFO  - chrome - Driver installized 
09:51:58.731 [main] INFO  - Login page displayed
09:52:30.354 [main] INFO  - Driver Quit
10:05:24.755 [main] INFO  - chrome - Driver installized 
10:05:55.699 [main] INFO  - Login page displayed
10:05:55.798 [main] INFO  - Login Title verified
10:05:58.176 [main] INFO  - Driver Quit
10:05:58.179 [main] INFO  - chrome - Driver installized 
10:06:10.322 [main] INFO  - Login page displayed
10:06:10.699 [main] INFO  - Driver Quit
10:06:10.700 [main] INFO  - chrome - Driver installized 
10:06:21.002 [main] INFO  - Login page displayed
10:06:21.257 [main] INFO  - Driver Quit
10:06:21.259 [main] INFO  - chrome - Driver installized 
10:06:35.149 [main] INFO  - Login page displayed
10:06:54.186 [main] INFO  - Driver Quit
10:48:54.886 [main] INFO  - chrome - Driver installized 
10:49:14.295 [main] INFO  - Login page displayed
10:49:14.486 [main] INFO  - chrome - Driver installized 
10:49:33.978 [main] INFO  - Login page displayed
10:49:34.149 [main] INFO  - chrome - Driver installized 
10:50:04.668 [main] INFO  - Login page displayed
10:50:05.021 [main] INFO  - chrome - Driver installized 
10:50:40.574 [main] INFO  - Login page displayed
11:04:48.497 [main] INFO  - chrome - Driver installized 
11:05:20.878 [main] INFO  - Login page displayed
11:05:21.071 [main] INFO  - chrome - Driver installized 
11:05:35.448 [main] INFO  - Login page displayed
11:05:35.657 [main] INFO  - chrome - Driver installized 
11:06:04.937 [main] INFO  - Login page displayed
11:06:05.141 [main] INFO  - chrome - Driver installized 
11:06:42.185 [main] INFO  - Login page displayed
18:42:26.071 [main] INFO  - chrome - Driver installized 
18:43:00.341 [main] INFO  - Login page displayed
18:43:00.975 [main] INFO  - Driver Quit
18:43:00.978 [main] INFO  - chrome - Driver installized 
18:43:14.293 [main] INFO  - Login page displayed
18:43:14.824 [main] INFO  - Driver Quit
18:43:14.825 [main] INFO  - chrome - Driver installized 
18:43:25.619 [main] INFO  - Login page displayed
18:43:26.166 [main] INFO  - Driver Quit
18:43:26.168 [main] INFO  - chrome - Driver installized 
18:43:38.194 [main] INFO  - Login page displayed
18:43:59.545 [main] INFO  - Driver Quit
19:15:05.540 [main] INFO  - chrome - Driver installized 
19:15:33.457 [main] INFO  - Login page displayed
19:15:33.651 [main] INFO  - Driver Quit
19:15:33.654 [main] INFO  - chrome - Driver installized 
19:15:44.349 [main] INFO  - Login page displayed
19:15:44.574 [main] INFO  - Driver Quit
19:15:44.575 [main] INFO  - chrome - Driver installized 
19:15:55.794 [main] INFO  - Login page displayed
19:15:56.013 [main] INFO  - Driver Quit
19:15:56.014 [main] INFO  - chrome - Driver installized 
19:16:07.948 [main] INFO  - Login page displayed
19:16:26.620 [main] INFO  - Driver Quit
11:11:12.554 [main] INFO  - chrome - Driver installized 
11:11:57.548 [main] INFO  - Login page displayed
11:11:58.594 [main] INFO  - Driver Quit
11:11:58.602 [main] INFO  - chrome - Driver installized 
11:12:21.337 [main] INFO  - Login page displayed
11:12:21.981 [main] INFO  - Driver Quit
20:33:40.635 [main] INFO  - chrome - Driver installized 
20:34:10.967 [main] INFO  - Login page displayed
20:34:11.548 [main] INFO  - Driver Quit
20:34:11.552 [main] INFO  - chrome - Driver installized 
20:34:20.261 [main] INFO  - Login page displayed
20:34:20.796 [main] INFO  - Driver Quit
20:38:32.026 [main] INFO  - chrome - Driver installized 
20:38:46.505 [main] INFO  - Login page displayed
20:38:47.278 [main] INFO  - Driver Quit
20:38:47.284 [main] INFO  - chrome - Driver installized 
20:38:56.771 [main] INFO  - Login page displayed
20:38:57.354 [main] INFO  - Driver Quit
20:38:57.356 [main] INFO  - chrome - Driver installized 
20:39:14.982 [main] INFO  - Login page displayed
20:39:15.574 [main] INFO  - Driver Quit
20:39:15.575 [main] INFO  - chrome - Driver installized 
20:39:25.617 [main] INFO  - Login page displayed
20:39:56.784 [main] INFO  - Driver Quit
22:52:08.060 [main] INFO  - chrome - Driver installized 
